<?xml version="1.0" encoding="UTF-8"?>
<!-- Generated by org.testng.reporters.JUnitReportReporter -->
<testsuite hostname="DESKTOP-0JVHV1V" failures="0" tests="1" name="irctc_Testcases.Testcases" time="12.564" errors="0" timestamp="2023-08-04T18:21:11 IST" skipped="0">
  <testcase classname="irctc_Testcases.Testcases" name="search" time="12.564"/>
</testsuite> <!-- irctc_Testcases.Testcases -->
